# JRE version: OpenJDK Runtime Environment (17.0.16+8) (build 17.0.16+8-Ubuntu-0ubuntu122.04.1)
# Java VM: OpenJDK 64-Bit Server VM (17.0.16+8-Ubuntu-0ubuntu122.04.1, mixed mode, tiered, compressed oops, compressed class ptrs, g1 gc, linux-amd64)
GC Precious Log:
 CPUs: 16 total, 16 available
 Memory: 15207M
 Large Page Support: Disabled
 NUMA Support: Disabled
 Compressed Oops: Enabled (Zero based)
 Heap Region Size: 2M
 Heap Min Capacity: 8M
 Heap Initial Capacity: 238M
 Heap Max Capacity: 3802M
 Pre-touch: Disabled
 Parallel Workers: 13
 Concurrent Workers: 3
 Concurrent Refinement Workers: 13
 Periodic GC: Disabled
Heap:
 garbage-first heap   total 61440K, used 37519K [0x00000006d2600000, 0x00000007c0000000)
  region size 2048K, 13 young (26624K), 0 survivors (0K)
 Metaspace       used 11051K, committed 11264K, reserved 1114112K
  class space    used 951K, committed 1088K, reserved 1048576K
GC Heap History (20 events):
Event: 0.252 GC heap before
{Heap before GC invocations=2 (full 1):
 garbage-first heap   total 28672K, used 8378K [0x00000006d2600000, 0x00000007c0000000)
  region size 2048K, 4 young (8192K), 1 survivors (2048K)
 Metaspace       used 8525K, committed 8704K, reserved 1114112K
  class space    used 751K, committed 832K, reserved 1048576K
}
Event: 0.254 GC heap after
{Heap after GC invocations=3 (full 1):
 garbage-first heap   total 28672K, used 2870K [0x00000006d2600000, 0x00000007c0000000)
  region size 2048K, 1 young (2048K), 1 survivors (2048K)
 Metaspace       used 8525K, committed 8704K, reserved 1114112K
  class space    used 751K, committed 832K, reserved 1048576K
}
Event: 0.268 GC heap before
{Heap before GC invocations=3 (full 1):
 garbage-first heap   total 28672K, used 11062K [0x00000006d2600000, 0x00000007c0000000)
  region size 2048K, 5 young (10240K), 1 survivors (2048K)
 Metaspace       used 8540K, committed 8704K, reserved 1114112K
  class space    used 751K, committed 832K, reserved 1048576K
}
Event: 0.271 GC heap after
{Heap after GC invocations=4 (full 1):
 garbage-first heap   total 28672K, used 3924K [0x00000006d2600000, 0x00000007c0000000)
  region size 2048K, 1 young (2048K), 1 survivors (2048K)
 Metaspace       used 8540K, committed 8704K, reserved 1114112K
  class space    used 751K, committed 832K, reserved 1048576K
}
Event: 0.284 GC heap before
{Heap before GC invocations=4 (full 1):
 garbage-first heap   total 28672K, used 10068K [0x00000006d2600000, 0x00000007c0000000)
  region size 2048K, 4 young (8192K), 1 survivors (2048K)
 Metaspace       used 8593K, committed 8768K, reserved 1114112K
  class space    used 751K, committed 832K, reserved 1048576K
}
Event: 0.287 GC heap after
{Heap after GC invocations=5 (full 1):
 garbage-first heap   total 137216K, used 4788K [0x00000006d2600000, 0x00000007c0000000)
  region size 2048K, 1 young (2048K), 1 survivors (2048K)
 Metaspace       used 8593K, committed 8768K, reserved 1114112K
  class space    used 751K, committed 832K, reserved 1048576K
}
Event: 0.306 GC heap before
{Heap before GC invocations=5 (full 1):
 garbage-first heap   total 137216K, used 8884K [0x00000006d2600000, 0x00000007c0000000)
  region size 2048K, 4 young (8192K), 1 survivors (2048K)
 Metaspace       used 8602K, committed 8768K, reserved 1114112K
  class space    used 751K, committed 832K, reserved 1048576K
}
Event: 0.318 GC heap after
{Heap after GC invocations=6 (full 2):
 garbage-first heap   total 28672K, used 5136K [0x00000006d2600000, 0x00000007c0000000)
  region size 2048K, 0 young (0K), 0 survivors (0K)
 Metaspace       used 8602K, committed 8768K, reserved 1114112K
  class space    used 751K, committed 832K, reserved 1048576K
}
Event: 0.332 GC heap before
{Heap before GC invocations=6 (full 2):
 garbage-first heap   total 28672K, used 5136K [0x00000006d2600000, 0x00000007c0000000)
  region size 2048K, 1 young (2048K), 0 survivors (0K)
 Metaspace       used 8612K, committed 8768K, reserved 1114112K
  class space    used 752K, committed 832K, reserved 1048576K
}
Event: 0.351 GC heap after
{Heap after GC invocations=7 (full 3):
 garbage-first heap   total 20480K, used 5190K [0x00000006d2600000, 0x00000007c0000000)
  region size 2048K, 0 young (0K), 0 survivors (0K)
 Metaspace       used 8612K, committed 8768K, reserved 1114112K
  class space    used 752K, committed 832K, reserved 1048576K
}
Event: 0.462 GC heap before
{Heap before GC invocations=7 (full 3):
 garbage-first heap   total 20480K, used 9286K [0x00000006d2600000, 0x00000007c0000000)
  region size 2048K, 3 young (6144K), 0 survivors (0K)
 Metaspace       used 10239K, committed 10432K, reserved 1114112K
  class space    used 910K, committed 1024K, reserved 1048576K
}
Event: 0.464 GC heap after
{Heap after GC invocations=8 (full 3):
 garbage-first heap   total 20480K, used 6195K [0x00000006d2600000, 0x00000007c0000000)
  region size 2048K, 1 young (2048K), 1 survivors (2048K)
 Metaspace       used 10239K, committed 10432K, reserved 1114112K
  class space    used 910K, committed 1024K, reserved 1048576K
}
Event: 0.473 GC heap before
{Heap before GC invocations=8 (full 3):
 garbage-first heap   total 20480K, used 6195K [0x00000006d2600000, 0x00000007c0000000)
  region size 2048K, 3 young (6144K), 1 survivors (2048K)
 Metaspace       used 10289K, committed 10496K, reserved 1114112K
  class space    used 912K, committed 1024K, reserved 1048576K
}
Event: 0.488 GC heap after
{Heap after GC invocations=9 (full 4):
 garbage-first heap   total 20480K, used 5980K [0x00000006d2600000, 0x00000007c0000000)
  region size 2048K, 0 young (0K), 0 survivors (0K)
 Metaspace       used 10289K, committed 10496K, reserved 1114112K
  class space    used 912K, committed 1024K, reserved 1048576K
}
Event: 0.559 GC heap before
{Heap before GC invocations=9 (full 4):
 garbage-first heap   total 20480K, used 10076K [0x00000006d2600000, 0x00000007c0000000)
  region size 2048K, 3 young (6144K), 0 survivors (0K)
 Metaspace       used 10487K, committed 10688K, reserved 1114112K
  class space    used 934K, committed 1024K, reserved 1048576K
}
Event: 0.561 GC heap after
{Heap after GC invocations=10 (full 4):
 garbage-first heap   total 20480K, used 7401K [0x00000006d2600000, 0x00000007c0000000)
  region size 2048K, 1 young (2048K), 1 survivors (2048K)
 Metaspace       used 10487K, committed 10688K, reserved 1114112K
  class space    used 934K, committed 1024K, reserved 1048576K
}
Event: 0.587 GC heap before
{Heap before GC invocations=10 (full 4):
 garbage-first heap   total 20480K, used 9449K [0x00000006d2600000, 0x00000007c0000000)
  region size 2048K, 4 young (8192K), 1 survivors (2048K)
 Metaspace       used 10595K, committed 10816K, reserved 1114112K
  class space    used 936K, committed 1024K, reserved 1048576K
}
Event: 0.590 GC heap after
{Heap after GC invocations=11 (full 4):
 garbage-first heap   total 20480K, used 10734K [0x00000006d2600000, 0x00000007c0000000)
  region size 2048K, 1 young (2048K), 1 survivors (2048K)
 Metaspace       used 10595K, committed 10816K, reserved 1114112K
  class space    used 936K, committed 1024K, reserved 1048576K
}
Event: 0.591 GC heap before
{Heap before GC invocations=11 (full 4):
 garbage-first heap   total 20480K, used 14830K [0x00000006d2600000, 0x00000007c0000000)
  region size 2048K, 1 young (2048K), 1 survivors (2048K)
 Metaspace       used 10595K, committed 10816K, reserved 1114112K
  class space    used 936K, committed 1024K, reserved 1048576K
}
Event: 0.593 GC heap after
{Heap after GC invocations=12 (full 4):
 garbage-first heap   total 133120K, used 14991K [0x00000006d2600000, 0x00000007c0000000)
  region size 2048K, 0 young (0K), 0 survivors (0K)
 Metaspace       used 10595K, committed 10816K, reserved 1114112K
  class space    used 936K, committed 1024K, reserved 1048576K
}

