# JRE version: OpenJDK Runtime Environment (21.0.9+10) (build 21.0.9+10-Ubuntu-124.04)
# Java VM: OpenJDK 64-Bit Server VM (21.0.9+10-Ubuntu-124.04, mixed mode, tiered, compressed oops, compressed class ptrs, g1 gc, linux-amd64)
GC Precious Log:
 CardTable entry size: 512
 Card Set container configuration: InlinePtr #cards 4 size 8 Array Of Cards #cards 64 size 144 Howl #buckets 8 coarsen threshold 14745 Howl Bitmap #cards 2048 size 272 coarsen threshold 1843 Card regions per heap region 1 cards per card region 16384
 CPUs: 16 total, 16 available
 Memory: 64020M
 Large Page Support: Disabled
 NUMA Support: Disabled
 Compressed Oops: Enabled (Zero based)
 Heap Region Size: 8M
 Heap Min Capacity: 8M
 Heap Initial Capacity: 1008M
 Heap Max Capacity: 16008M
 Pre-touch: Disabled
 Parallel Workers: 13
 Concurrent Workers: 3
 Concurrent Refinement Workers: 13
 Periodic GC: Disabled
Heap:
 garbage-first heap   total 40960K, used 15278K [0x00000003d7800000, 0x00000007c0000000)
  region size 8192K, 1 young (8192K), 0 survivors (0K)
 Metaspace       used 11912K, committed 12160K, reserved 1114112K
  class space    used 1023K, committed 1152K, reserved 1048576K
GC Heap History (20 events):
Event: 0.359 GC heap before
{Heap before GC invocations=3 (full 2):
 garbage-first heap   total 32768K, used 10389K [0x00000003d7800000, 0x00000007c0000000)
  region size 8192K, 2 young (16384K), 1 survivors (8192K)
 Metaspace       used 9279K, committed 9472K, reserved 1114112K
  class space    used 795K, committed 896K, reserved 1048576K
}
Event: 0.360 GC heap after
{Heap after GC invocations=4 (full 2):
 garbage-first heap   total 32768K, used 2772K [0x00000003d7800000, 0x00000007c0000000)
  region size 8192K, 1 young (8192K), 1 survivors (8192K)
 Metaspace       used 9279K, committed 9472K, reserved 1114112K
  class space    used 795K, committed 896K, reserved 1048576K
}
Event: 0.369 GC heap before
{Heap before GC invocations=4 (full 2):
 garbage-first heap   total 32768K, used 10964K [0x00000003d7800000, 0x00000007c0000000)
  region size 8192K, 2 young (16384K), 1 survivors (8192K)
 Metaspace       used 9299K, committed 9472K, reserved 1114112K
  class space    used 795K, committed 896K, reserved 1048576K
}
Event: 0.370 GC heap after
{Heap after GC invocations=5 (full 2):
 garbage-first heap   total 32768K, used 3732K [0x00000003d7800000, 0x00000007c0000000)
  region size 8192K, 1 young (8192K), 1 survivors (8192K)
 Metaspace       used 9299K, committed 9472K, reserved 1114112K
  class space    used 795K, committed 896K, reserved 1048576K
}
Event: 0.377 GC heap before
{Heap before GC invocations=5 (full 2):
 garbage-first heap   total 32768K, used 11924K [0x00000003d7800000, 0x00000007c0000000)
  region size 8192K, 2 young (16384K), 1 survivors (8192K)
 Metaspace       used 9301K, committed 9472K, reserved 1114112K
  class space    used 795K, committed 896K, reserved 1048576K
}
Event: 0.380 GC heap after
{Heap after GC invocations=6 (full 2):
 garbage-first heap   total 532480K, used 4614K [0x00000003d7800000, 0x00000007c0000000)
  region size 8192K, 1 young (8192K), 1 survivors (8192K)
 Metaspace       used 9301K, committed 9472K, reserved 1114112K
  class space    used 795K, committed 896K, reserved 1048576K
}
Event: 0.402 GC heap before
{Heap before GC invocations=6 (full 2):
 garbage-first heap   total 532480K, used 12806K [0x00000003d7800000, 0x00000007c0000000)
  region size 8192K, 3 young (24576K), 1 survivors (8192K)
 Metaspace       used 9363K, committed 9536K, reserved 1114112K
  class space    used 795K, committed 896K, reserved 1048576K
}
Event: 0.410 GC heap after
{Heap after GC invocations=7 (full 3):
 garbage-first heap   total 81920K, used 5242K [0x00000003d7800000, 0x00000007c0000000)
  region size 8192K, 0 young (0K), 0 survivors (0K)
 Metaspace       used 9363K, committed 9536K, reserved 1114112K
  class space    used 795K, committed 896K, reserved 1048576K
}
Event: 0.421 GC heap before
{Heap before GC invocations=7 (full 3):
 garbage-first heap   total 81920K, used 5242K [0x00000003d7800000, 0x00000007c0000000)
  region size 8192K, 1 young (8192K), 0 survivors (0K)
 Metaspace       used 9455K, committed 9664K, reserved 1114112K
  class space    used 809K, committed 896K, reserved 1048576K
}
Event: 0.435 GC heap after
{Heap after GC invocations=8 (full 4):
 garbage-first heap   total 32768K, used 5294K [0x00000003d7800000, 0x00000007c0000000)
  region size 8192K, 0 young (0K), 0 survivors (0K)
 Metaspace       used 9455K, committed 9664K, reserved 1114112K
  class space    used 809K, committed 896K, reserved 1048576K
}
Event: 0.544 GC heap before
{Heap before GC invocations=8 (full 4):
 garbage-first heap   total 32768K, used 13486K [0x00000003d7800000, 0x00000007c0000000)
  region size 8192K, 1 young (8192K), 0 survivors (0K)
 Metaspace       used 11340K, committed 11520K, reserved 1114112K
  class space    used 966K, committed 1024K, reserved 1048576K
}
Event: 0.545 GC heap after
{Heap after GC invocations=9 (full 4):
 garbage-first heap   total 32768K, used 6572K [0x00000003d7800000, 0x00000007c0000000)
  region size 8192K, 1 young (8192K), 1 survivors (8192K)
 Metaspace       used 11340K, committed 11520K, reserved 1114112K
  class space    used 966K, committed 1024K, reserved 1048576K
}
Event: 0.549 GC heap before
{Heap before GC invocations=9 (full 4):
 garbage-first heap   total 32768K, used 6572K [0x00000003d7800000, 0x00000007c0000000)
  region size 8192K, 2 young (16384K), 1 survivors (8192K)
 Metaspace       used 11391K, committed 11584K, reserved 1114112K
  class space    used 970K, committed 1024K, reserved 1048576K
}
Event: 0.565 GC heap after
{Heap after GC invocations=10 (full 5):
 garbage-first heap   total 32768K, used 6109K [0x00000003d7800000, 0x00000007c0000000)
  region size 8192K, 0 young (0K), 0 survivors (0K)
 Metaspace       used 11391K, committed 11584K, reserved 1114112K
  class space    used 970K, committed 1024K, reserved 1048576K
}
Event: 1.007 GC heap before
{Heap before GC invocations=10 (full 5):
 garbage-first heap   total 32768K, used 14301K [0x00000003d7800000, 0x00000007c0000000)
  region size 8192K, 1 young (8192K), 0 survivors (0K)
 Metaspace       used 11599K, committed 11904K, reserved 1114112K
  class space    used 998K, committed 1152K, reserved 1048576K
}
Event: 1.008 GC heap after
{Heap after GC invocations=11 (full 5):
 garbage-first heap   total 32768K, used 8211K [0x00000003d7800000, 0x00000007c0000000)
  region size 8192K, 1 young (8192K), 1 survivors (8192K)
 Metaspace       used 11599K, committed 11904K, reserved 1114112K
  class space    used 998K, committed 1152K, reserved 1048576K
}
Event: 2.154 GC heap before
{Heap before GC invocations=11 (full 5):
 garbage-first heap   total 32768K, used 16403K [0x00000003d7800000, 0x00000007c0000000)
  region size 8192K, 2 young (16384K), 1 survivors (8192K)
 Metaspace       used 11838K, committed 12096K, reserved 1114112K
  class space    used 1016K, committed 1152K, reserved 1048576K
}
Event: 2.157 GC heap after
{Heap after GC invocations=12 (full 5):
 garbage-first heap   total 40960K, used 15337K [0x00000003d7800000, 0x00000007c0000000)
  region size 8192K, 1 young (8192K), 1 survivors (8192K)
 Metaspace       used 11838K, committed 12096K, reserved 1114112K
  class space    used 1016K, committed 1152K, reserved 1048576K
}
Event: 2.163 GC heap before
{Heap before GC invocations=12 (full 5):
 garbage-first heap   total 40960K, used 15337K [0x00000003d7800000, 0x00000007c0000000)
  region size 8192K, 2 young (16384K), 1 survivors (8192K)
 Metaspace       used 11910K, committed 12160K, reserved 1114112K
  class space    used 1023K, committed 1152K, reserved 1048576K
}
Event: 2.185 GC heap after
{Heap after GC invocations=13 (full 6):
 garbage-first heap   total 40960K, used 15278K [0x00000003d7800000, 0x00000007c0000000)
  region size 8192K, 0 young (0K), 0 survivors (0K)
 Metaspace       used 11910K, committed 12160K, reserved 1114112K
  class space    used 1023K, committed 1152K, reserved 1048576K
}

